# JRE version: 7.0_17-b02
# Java VM: Java HotSpot(TM) Client VM (23.7-b01 mixed mode windows-x86 )
Heap
 def new generation   total 4928K, used 4886K [0x04760000, 0x04cb0000, 0x09cb0000)
  eden space 4416K,  99% used [0x04760000, 0x04ba5928, 0x04bb0000)
  from space 512K, 100% used [0x04c30000, 0x04cb0000, 0x04cb0000)
  to   space 512K,   0% used [0x04bb0000, 0x04bb0000, 0x04c30000)
 tenured generation   total 10944K, used 3332K [0x09cb0000, 0x0a760000, 0x14760000)
   the space 10944K,  30% used [0x09cb0000, 0x09ff1048, 0x09ff1200, 0x0a760000)
 compacting perm gen  total 12288K, used 9140K [0x14760000, 0x15360000, 0x18760000)
   the space 12288K,  74% used [0x14760000, 0x1504d300, 0x1504d400, 0x15360000)
GC Heap History (6 events):
Event: 3.163 GC heap before
{Heap before GC invocations=0 (full 0):
 def new generation   total 4928K, used 4416K [0x04760000, 0x04cb0000, 0x09cb0000)
  eden space 4416K, 100% used [0x04760000, 0x04bb0000, 0x04bb0000)
  from space 512K,   0% used [0x04bb0000, 0x04bb0000, 0x04c30000)
  to   space 512K,   0% used [0x04c30000, 0x04c30000, 0x04cb0000)
 tenured generation   total 10944K, used 0K [0x09cb0000, 0x0a760000, 0x14760000)
   the space 10944K,   0% used [0x09cb0000, 0x09cb0000, 0x09cb0200, 0x0a760000)
 compacting perm gen  total 12288K, used 7451K [0x14760000, 0x15360000, 0x18760000)
   the space 12288K,  60% used [0x14760000, 0x14ea6cf8, 0x14ea6e00, 0x15360000)
No shared spaces configured.
Event: 3.170 GC heap after
Heap after GC invocations=1 (full 0):
 def new generation   total 4928K, used 512K [0x04760000, 0x04cb0000, 0x09cb0000)
  eden space 4416K,   0% used [0x04760000, 0x04760000, 0x04bb0000)
  from space 512K, 100% used [0x04c30000, 0x04cb0000, 0x04cb0000)
  to   space 512K,   0% used [0x04bb0000, 0x04bb0000, 0x04c30000)
 tenured generation   total 10944K, used 1204K [0x09cb0000, 0x0a760000, 0x14760000)
   the space 10944K,  11% used [0x09cb0000, 0x09ddd168, 0x09ddd200, 0x0a760000)
 compacting perm gen  total 12288K, used 7451K [0x14760000, 0x15360000, 0x18760000)
   the space 12288K,  60% used [0x14760000, 0x14ea6cf8, 0x14ea6e00, 0x15360000)
No shared spaces configured.
}
Event: 3.254 GC heap before
{Heap before GC invocations=1 (full 0):
 def new generation   total 4928K, used 4928K [0x04760000, 0x04cb0000, 0x09cb0000)
  eden space 4416K, 100% used [0x04760000, 0x04bb0000, 0x04bb0000)
  from space 512K, 100% used [0x04c30000, 0x04cb0000, 0x04cb0000)
  to   space 512K,   0% used [0x04bb0000, 0x04bb0000, 0x04c30000)
 tenured generation   total 10944K, used 1204K [0x09cb0000, 0x0a760000, 0x14760000)
   the space 10944K,  11% used [0x09cb0000, 0x09ddd168, 0x09ddd200, 0x0a760000)
 compacting perm gen  total 12288K, used 8463K [0x14760000, 0x15360000, 0x18760000)
   the space 12288K,  68% used [0x14760000, 0x14fa3fc8, 0x14fa4000, 0x15360000)
No shared spaces configured.
Event: 3.259 GC heap after
Heap after GC invocations=2 (full 0):
 def new generation   total 4928K, used 512K [0x04760000, 0x04cb0000, 0x09cb0000)
  eden space 4416K,   0% used [0x04760000, 0x04760000, 0x04bb0000)
  from space 512K, 100% used [0x04bb0000, 0x04c30000, 0x04c30000)
  to   space 512K,   0% used [0x04c30000, 0x04c30000, 0x04cb0000)
 tenured generation   total 10944K, used 2236K [0x09cb0000, 0x0a760000, 0x14760000)
   the space 10944K,  20% used [0x09cb0000, 0x09edf058, 0x09edf200, 0x0a760000)
 compacting perm gen  total 12288K, used 8463K [0x14760000, 0x15360000, 0x18760000)
   the space 12288K,  68% used [0x14760000, 0x14fa3fc8, 0x14fa4000, 0x15360000)
No shared spaces configured.
}
Event: 3.338 GC heap before
{Heap before GC invocations=2 (full 0):
 def new generation   total 4928K, used 4908K [0x04760000, 0x04cb0000, 0x09cb0000)
  eden space 4416K,  99% used [0x04760000, 0x04bab3b0, 0x04bb0000)
  from space 512K, 100% used [0x04bb0000, 0x04c30000, 0x04c30000)
  to   space 512K,   0% used [0x04c30000, 0x04c30000, 0x04cb0000)
 tenured generation   total 10944K, used 2236K [0x09cb0000, 0x0a760000, 0x14760000)
   the space 10944K,  20% used [0x09cb0000, 0x09edf058, 0x09edf200, 0x0a760000)
 compacting perm gen  total 12288K, used 9043K [0x14760000, 0x15360000, 0x18760000)
   the space 12288K,  73% used [0x14760000, 0x15034f80, 0x15035000, 0x15360000)
No shared spaces configured.
Event: 3.343 GC heap after
Heap after GC invocations=3 (full 0):
 def new generation   total 4928K, used 512K [0x04760000, 0x04cb0000, 0x09cb0000)
  eden space 4416K,   0% used [0x04760000, 0x04760000, 0x04bb0000)
  from space 512K, 100% used [0x04c30000, 0x04cb0000, 0x04cb0000)
  to   space 512K,   0% used [0x04bb0000, 0x04bb0000, 0x04c30000)
 tenured generation   total 10944K, used 3332K [0x09cb0000, 0x0a760000, 0x14760000)
   the space 10944K,  30% used [0x09cb0000, 0x09ff1048, 0x09ff1200, 0x0a760000)
 compacting perm gen  total 12288K, used 9043K [0x14760000, 0x15360000, 0x18760000)
   the space 12288K,  73% used [0x14760000, 0x15034f80, 0x15035000, 0x15360000)
No shared spaces configured.
}

